0 info it worked if it ends with ok
1 verbose cli [ 'C:\\Program Files\\nodejs\\node.exe',
1 verbose cli   'C:\\Users\\Steffen\\AppData\\Roaming\\npm\\node_modules\\npm\\bin\\npm-cli.js',
1 verbose cli   'version',
1 verbose cli   'patch' ]
2 info using npm@3.4.0
3 info using node@v5.10.0
4 info git [ 'status', '--porcelain' ]
5 verbose stack Error: Git working directory not clean.
5 verbose stack M package.json
5 verbose stack M src/extension.ts
5 verbose stack     at C:\Users\Steffen\AppData\Roaming\npm\node_modules\npm\lib\version.js:172:21
5 verbose stack     at ChildProcess.exithandler (child_process.js:193:7)
5 verbose stack     at emitTwo (events.js:100:13)
5 verbose stack     at ChildProcess.emit (events.js:185:7)
5 verbose stack     at maybeClose (internal/child_process.js:850:16)
5 verbose stack     at Process.ChildProcess._handle.onexit (internal/child_process.js:215:5)
6 verbose cwd d:\Github\vscode-18n-tag-schema
7 error Windows_NT 10.0.14342
8 error argv "C:\\Program Files\\nodejs\\node.exe" "C:\\Users\\Steffen\\AppData\\Roaming\\npm\\node_modules\\npm\\bin\\npm-cli.js" "version" "patch"
9 error node v5.10.0
10 error npm  v3.4.0
11 error Git working directory not clean.
11 error M package.json
11 error M src/extension.ts
12 error If you need help, you may report this error at:
12 error     <https://github.com/npm/npm/issues>
13 verbose exit [ 1, true ]
